2024-06-06 10:12:14 Error: [MissingActionException] Action PagesController::display() could not be found.
Exception Attributes: array (
  'controller' => 'PagesController',
  'action' => 'display',
)
Request URL: /
Stack Trace:
#0 /var/www/contatoscake/lib/Cake/Routing/Dispatcher.php(193): Controller->invokeAction()
#1 /var/www/contatoscake/lib/Cake/Routing/Dispatcher.php(167): Dispatcher->_invoke()
#2 /var/www/contatoscake/app/webroot/index.php(117): Dispatcher->dispatch()
#3 {main}
2024-06-07 10:38:46 Error: [ArgumentCountError] Too few arguments to function __d(), 1 passed in /var/www/contatoscake/app/View/Layouts/default.ctp on line 17 and at least 2 expected
Request URL: /?nome=a&email=a%40hotmail.com&telefone=a
Stack Trace:
#0 /var/www/contatoscake/app/View/Layouts/default.ctp(17): __d()
#1 /var/www/contatoscake/lib/Cake/View/View.php(971): include('/var/www/contat...')
#2 /var/www/contatoscake/lib/Cake/View/View.php(933): View->_evaluate()
#3 /var/www/contatoscake/lib/Cake/View/View.php(546): View->_render()
#4 /var/www/contatoscake/lib/Cake/View/View.php(481): View->renderLayout()
#5 /var/www/contatoscake/lib/Cake/Controller/Controller.php(968): View->render()
#6 /var/www/contatoscake/app/Controller/PagesController.php(72): Controller->render()
#7 [internal function]: PagesController->display()
#8 /var/www/contatoscake/lib/Cake/Controller/Controller.php(499): ReflectionMethod->invokeArgs()
#9 /var/www/contatoscake/lib/Cake/Routing/Dispatcher.php(193): Controller->invokeAction()
#10 /var/www/contatoscake/lib/Cake/Routing/Dispatcher.php(167): Dispatcher->_invoke()
#11 /var/www/contatoscake/app/webroot/index.php(117): Dispatcher->dispatch()
#12 {main}
2024-06-07 10:38:46 Error: Fatal Error (1): Uncaught ArgumentCountError: Too few arguments to function __d(), 1 passed in /var/www/contatoscake/app/View/Layouts/default.ctp on line 17 and at least 2 expected in /var/www/contatoscake/lib/Cake/basics.php:631
Stack trace:
#0 /var/www/contatoscake/app/View/Layouts/default.ctp(17): __d()
#1 /var/www/contatoscake/lib/Cake/View/View.php(971): include('/var/www/contat...')
#2 /var/www/contatoscake/lib/Cake/View/View.php(933): View->_evaluate()
#3 /var/www/contatoscake/lib/Cake/View/View.php(546): View->_render()
#4 /var/www/contatoscake/lib/Cake/View/View.php(481): View->renderLayout()
#5 /var/www/contatoscake/lib/Cake/Controller/Controller.php(968): View->render()
#6 /var/www/contatoscake/lib/Cake/Error/ExceptionRenderer.php(292): Controller->render()
#7 /var/www/contatoscake/lib/Cake/Error/ExceptionRenderer.php(260): ExceptionRenderer->_outputMessage()
#8 /var/www/contatoscake/lib/Cake/Error/ExceptionRenderer.php(190): ExceptionRenderer->error500()
#9 /var/www/contatoscake/lib/Cake/Error/ErrorHandler.php(127 in [/var/www/contatoscake/lib/Cake/basics.php, line 631]
2024-06-07 10:38:46 Error: [FatalErrorException] Uncaught ArgumentCountError: Too few arguments to function __d(), 1 passed in /var/www/contatoscake/app/View/Layouts/default.ctp on line 17 and at least 2 expected in /var/www/contatoscake/lib/Cake/basics.php:631
Stack trace:
#0 /var/www/contatoscake/app/View/Layouts/default.ctp(17): __d()
#1 /var/www/contatoscake/lib/Cake/View/View.php(971): include('/var/www/contat...')
#2 /var/www/contatoscake/lib/Cake/View/View.php(933): View->_evaluate()
#3 /var/www/contatoscake/lib/Cake/View/View.php(546): View->_render()
#4 /var/www/contatoscake/lib/Cake/View/View.php(481): View->renderLayout()
#5 /var/www/contatoscake/lib/Cake/Controller/Controller.php(968): View->render()
#6 /var/www/contatoscake/lib/Cake/Error/ExceptionRenderer.php(292): Controller->render()
#7 /var/www/contatoscake/lib/Cake/Error/ExceptionRenderer.php(260): ExceptionRenderer->_outputMessage()
#8 /var/www/contatoscake/lib/Cake/Error/ExceptionRenderer.php(190): ExceptionRenderer->error500()
#9 /var/www/contatoscake/lib/Cake/Error/ErrorHandler.php(127
Request URL: /?nome=a&email=a%40hotmail.com&telefone=a
Stack Trace:
#0 /var/www/contatoscake/lib/Cake/Error/ErrorHandler.php(212): ErrorHandler::handleFatalError()
#1 /var/www/contatoscake/lib/Cake/Core/App.php(970): ErrorHandler::handleError()
#2 /var/www/contatoscake/lib/Cake/Core/App.php(943): App::_checkFatalError()
#3 [internal function]: App::shutdown()
#4 {main}
2024-06-07 10:38:47 Error: [ArgumentCountError] Too few arguments to function __d(), 1 passed in /var/www/contatoscake/app/View/Layouts/default.ctp on line 17 and at least 2 expected
Request URL: /?nome=a&email=a%40hotmail.com&telefone=a
Stack Trace:
#0 /var/www/contatoscake/app/View/Layouts/default.ctp(17): __d()
#1 /var/www/contatoscake/lib/Cake/View/View.php(971): include('/var/www/contat...')
#2 /var/www/contatoscake/lib/Cake/View/View.php(933): View->_evaluate()
#3 /var/www/contatoscake/lib/Cake/View/View.php(546): View->_render()
#4 /var/www/contatoscake/lib/Cake/View/View.php(481): View->renderLayout()
#5 /var/www/contatoscake/lib/Cake/Controller/Controller.php(968): View->render()
#6 /var/www/contatoscake/app/Controller/PagesController.php(72): Controller->render()
#7 [internal function]: PagesController->display()
#8 /var/www/contatoscake/lib/Cake/Controller/Controller.php(499): ReflectionMethod->invokeArgs()
#9 /var/www/contatoscake/lib/Cake/Routing/Dispatcher.php(193): Controller->invokeAction()
#10 /var/www/contatoscake/lib/Cake/Routing/Dispatcher.php(167): Dispatcher->_invoke()
#11 /var/www/contatoscake/app/webroot/index.php(117): Dispatcher->dispatch()
#12 {main}
2024-06-07 10:38:47 Error: Fatal Error (1): Uncaught ArgumentCountError: Too few arguments to function __d(), 1 passed in /var/www/contatoscake/app/View/Layouts/default.ctp on line 17 and at least 2 expected in /var/www/contatoscake/lib/Cake/basics.php:631
Stack trace:
#0 /var/www/contatoscake/app/View/Layouts/default.ctp(17): __d()
#1 /var/www/contatoscake/lib/Cake/View/View.php(971): include('/var/www/contat...')
#2 /var/www/contatoscake/lib/Cake/View/View.php(933): View->_evaluate()
#3 /var/www/contatoscake/lib/Cake/View/View.php(546): View->_render()
#4 /var/www/contatoscake/lib/Cake/View/View.php(481): View->renderLayout()
#5 /var/www/contatoscake/lib/Cake/Controller/Controller.php(968): View->render()
#6 /var/www/contatoscake/lib/Cake/Error/ExceptionRenderer.php(292): Controller->render()
#7 /var/www/contatoscake/lib/Cake/Error/ExceptionRenderer.php(260): ExceptionRenderer->_outputMessage()
#8 /var/www/contatoscake/lib/Cake/Error/ExceptionRenderer.php(190): ExceptionRenderer->error500()
#9 /var/www/contatoscake/lib/Cake/Error/ErrorHandler.php(127 in [/var/www/contatoscake/lib/Cake/basics.php, line 631]
2024-06-07 10:38:47 Error: [FatalErrorException] Uncaught ArgumentCountError: Too few arguments to function __d(), 1 passed in /var/www/contatoscake/app/View/Layouts/default.ctp on line 17 and at least 2 expected in /var/www/contatoscake/lib/Cake/basics.php:631
Stack trace:
#0 /var/www/contatoscake/app/View/Layouts/default.ctp(17): __d()
#1 /var/www/contatoscake/lib/Cake/View/View.php(971): include('/var/www/contat...')
#2 /var/www/contatoscake/lib/Cake/View/View.php(933): View->_evaluate()
#3 /var/www/contatoscake/lib/Cake/View/View.php(546): View->_render()
#4 /var/www/contatoscake/lib/Cake/View/View.php(481): View->renderLayout()
#5 /var/www/contatoscake/lib/Cake/Controller/Controller.php(968): View->render()
#6 /var/www/contatoscake/lib/Cake/Error/ExceptionRenderer.php(292): Controller->render()
#7 /var/www/contatoscake/lib/Cake/Error/ExceptionRenderer.php(260): ExceptionRenderer->_outputMessage()
#8 /var/www/contatoscake/lib/Cake/Error/ExceptionRenderer.php(190): ExceptionRenderer->error500()
#9 /var/www/contatoscake/lib/Cake/Error/ErrorHandler.php(127
Request URL: /?nome=a&email=a%40hotmail.com&telefone=a
Stack Trace:
#0 /var/www/contatoscake/lib/Cake/Error/ErrorHandler.php(212): ErrorHandler::handleFatalError()
#1 /var/www/contatoscake/lib/Cake/Core/App.php(970): ErrorHandler::handleError()
#2 /var/www/contatoscake/lib/Cake/Core/App.php(943): App::_checkFatalError()
#3 [internal function]: App::shutdown()
#4 {main}
2024-06-07 10:38:47 Error: [ArgumentCountError] Too few arguments to function __d(), 1 passed in /var/www/contatoscake/app/View/Layouts/default.ctp on line 17 and at least 2 expected
Request URL: /?nome=a&email=a%40hotmail.com&telefone=a
Stack Trace:
#0 /var/www/contatoscake/app/View/Layouts/default.ctp(17): __d()
#1 /var/www/contatoscake/lib/Cake/View/View.php(971): include('/var/www/contat...')
#2 /var/www/contatoscake/lib/Cake/View/View.php(933): View->_evaluate()
#3 /var/www/contatoscake/lib/Cake/View/View.php(546): View->_render()
#4 /var/www/contatoscake/lib/Cake/View/View.php(481): View->renderLayout()
#5 /var/www/contatoscake/lib/Cake/Controller/Controller.php(968): View->render()
#6 /var/www/contatoscake/app/Controller/PagesController.php(72): Controller->render()
#7 [internal function]: PagesController->display()
#8 /var/www/contatoscake/lib/Cake/Controller/Controller.php(499): ReflectionMethod->invokeArgs()
#9 /var/www/contatoscake/lib/Cake/Routing/Dispatcher.php(193): Controller->invokeAction()
#10 /var/www/contatoscake/lib/Cake/Routing/Dispatcher.php(167): Dispatcher->_invoke()
#11 /var/www/contatoscake/app/webroot/index.php(117): Dispatcher->dispatch()
#12 {main}
2024-06-07 10:38:47 Error: Fatal Error (1): Uncaught ArgumentCountError: Too few arguments to function __d(), 1 passed in /var/www/contatoscake/app/View/Layouts/default.ctp on line 17 and at least 2 expected in /var/www/contatoscake/lib/Cake/basics.php:631
Stack trace:
#0 /var/www/contatoscake/app/View/Layouts/default.ctp(17): __d()
#1 /var/www/contatoscake/lib/Cake/View/View.php(971): include('/var/www/contat...')
#2 /var/www/contatoscake/lib/Cake/View/View.php(933): View->_evaluate()
#3 /var/www/contatoscake/lib/Cake/View/View.php(546): View->_render()
#4 /var/www/contatoscake/lib/Cake/View/View.php(481): View->renderLayout()
#5 /var/www/contatoscake/lib/Cake/Controller/Controller.php(968): View->render()
#6 /var/www/contatoscake/lib/Cake/Error/ExceptionRenderer.php(292): Controller->render()
#7 /var/www/contatoscake/lib/Cake/Error/ExceptionRenderer.php(260): ExceptionRenderer->_outputMessage()
#8 /var/www/contatoscake/lib/Cake/Error/ExceptionRenderer.php(190): ExceptionRenderer->error500()
#9 /var/www/contatoscake/lib/Cake/Error/ErrorHandler.php(127 in [/var/www/contatoscake/lib/Cake/basics.php, line 631]
2024-06-07 10:38:47 Error: [FatalErrorException] Uncaught ArgumentCountError: Too few arguments to function __d(), 1 passed in /var/www/contatoscake/app/View/Layouts/default.ctp on line 17 and at least 2 expected in /var/www/contatoscake/lib/Cake/basics.php:631
Stack trace:
#0 /var/www/contatoscake/app/View/Layouts/default.ctp(17): __d()
#1 /var/www/contatoscake/lib/Cake/View/View.php(971): include('/var/www/contat...')
#2 /var/www/contatoscake/lib/Cake/View/View.php(933): View->_evaluate()
#3 /var/www/contatoscake/lib/Cake/View/View.php(546): View->_render()
#4 /var/www/contatoscake/lib/Cake/View/View.php(481): View->renderLayout()
#5 /var/www/contatoscake/lib/Cake/Controller/Controller.php(968): View->render()
#6 /var/www/contatoscake/lib/Cake/Error/ExceptionRenderer.php(292): Controller->render()
#7 /var/www/contatoscake/lib/Cake/Error/ExceptionRenderer.php(260): ExceptionRenderer->_outputMessage()
#8 /var/www/contatoscake/lib/Cake/Error/ExceptionRenderer.php(190): ExceptionRenderer->error500()
#9 /var/www/contatoscake/lib/Cake/Error/ErrorHandler.php(127
Request URL: /?nome=a&email=a%40hotmail.com&telefone=a
Stack Trace:
#0 /var/www/contatoscake/lib/Cake/Error/ErrorHandler.php(212): ErrorHandler::handleFatalError()
#1 /var/www/contatoscake/lib/Cake/Core/App.php(970): ErrorHandler::handleError()
#2 /var/www/contatoscake/lib/Cake/Core/App.php(943): App::_checkFatalError()
#3 [internal function]: App::shutdown()
#4 {main}
2024-06-11 09:02:55 Error: [MissingControllerException] Controller class SalvarDados.phpController could not be found.
Exception Attributes: array (
  'class' => 'SalvarDados.phpController',
  'plugin' => NULL,
)
Request URL: /salvar_dados.php
Stack Trace:
#0 /var/www/contatoscake/app/webroot/index.php(117): Dispatcher->dispatch()
#1 {main}
2024-06-11 14:19:47 Error: [MissingControllerException] Controller class SalvarDados.phpController could not be found.
Exception Attributes: array (
  'class' => 'SalvarDados.phpController',
  'plugin' => NULL,
)
Request URL: /salvar_dados.php
Stack Trace:
#0 /var/www/contatoscake/app/webroot/index.php(117): Dispatcher->dispatch()
#1 {main}
2024-06-13 09:08:19 Error: [MissingControllerException] Controller class SalvarDados.phpController could not be found.
Exception Attributes: array (
  'class' => 'SalvarDados.phpController',
  'plugin' => NULL,
)
Request URL: /salvar_dados.php
Stack Trace:
#0 /var/www/contatoscake/app/webroot/index.php(117): Dispatcher->dispatch()
#1 {main}
2024-06-13 09:15:47 Error: [MissingControllerException] Controller class SalvarDados.phpController could not be found.
Exception Attributes: array (
  'class' => 'SalvarDados.phpController',
  'plugin' => NULL,
)
Request URL: /salvar_dados.php
Stack Trace:
#0 /var/www/contatoscake/app/webroot/index.php(117): Dispatcher->dispatch()
#1 {main}
2024-06-13 09:18:03 Error: [MissingControllerException] Controller class SalvarDados.phpController could not be found.
Exception Attributes: array (
  'class' => 'SalvarDados.phpController',
  'plugin' => NULL,
)
Request URL: /salvar_dados.php
Stack Trace:
#0 /var/www/contatoscake/app/webroot/index.php(117): Dispatcher->dispatch()
#1 {main}
2024-06-13 09:18:06 Error: [MissingControllerException] Controller class SalvarDados.phpController could not be found.
Exception Attributes: array (
  'class' => 'SalvarDados.phpController',
  'plugin' => NULL,
)
Request URL: /salvar_dados.php
Stack Trace:
#0 /var/www/contatoscake/app/webroot/index.php(117): Dispatcher->dispatch()
#1 {main}
2024-06-13 09:18:34 Error: [MissingControllerException] Controller class SalvarDados.phpController could not be found.
Exception Attributes: array (
  'class' => 'SalvarDados.phpController',
  'plugin' => NULL,
)
Request URL: /salvar_dados.php
Stack Trace:
#0 /var/www/contatoscake/app/webroot/index.php(117): Dispatcher->dispatch()
#1 {main}
2024-06-13 09:24:19 Error: [MissingControllerException] Controller class SalvarDados.phpController could not be found.
Exception Attributes: array (
  'class' => 'SalvarDados.phpController',
  'plugin' => NULL,
)
Request URL: /salvar_dados.php
Stack Trace:
#0 /var/www/contatoscake/app/webroot/index.php(117): Dispatcher->dispatch()
#1 {main}
2024-06-13 09:24:20 Error: [MissingControllerException] Controller class SalvarDados.phpController could not be found.
Exception Attributes: array (
  'class' => 'SalvarDados.phpController',
  'plugin' => NULL,
)
Request URL: /salvar_dados.php
Stack Trace:
#0 /var/www/contatoscake/app/webroot/index.php(117): Dispatcher->dispatch()
#1 {main}
2024-06-13 09:24:20 Error: [MissingControllerException] Controller class SalvarDados.phpController could not be found.
Exception Attributes: array (
  'class' => 'SalvarDados.phpController',
  'plugin' => NULL,
)
Request URL: /salvar_dados.php
Stack Trace:
#0 /var/www/contatoscake/app/webroot/index.php(117): Dispatcher->dispatch()
#1 {main}
2024-06-13 09:24:36 Error: [MissingControllerException] Controller class SalvarDados.phpController could not be found.
Exception Attributes: array (
  'class' => 'SalvarDados.phpController',
  'plugin' => NULL,
)
Request URL: /salvar_dados.php
Stack Trace:
#0 /var/www/contatoscake/app/webroot/index.php(117): Dispatcher->dispatch()
#1 {main}
2024-06-13 09:24:44 Error: [MissingControllerException] Controller class SalvarDados.phpController could not be found.
Exception Attributes: array (
  'class' => 'SalvarDados.phpController',
  'plugin' => NULL,
)
Request URL: /salvar_dados.php
Stack Trace:
#0 /var/www/contatoscake/app/webroot/index.php(117): Dispatcher->dispatch()
#1 {main}
2024-06-13 09:28:33 Error: [MissingControllerException] Controller class SalvarDados.phpController could not be found.
Exception Attributes: array (
  'class' => 'SalvarDados.phpController',
  'plugin' => NULL,
)
Request URL: /salvar_dados.php
Stack Trace:
#0 /var/www/contatoscake/app/webroot/index.php(117): Dispatcher->dispatch()
#1 {main}
2024-06-13 09:31:04 Error: [MissingControllerException] Controller class SalvarDados.phpController could not be found.
Exception Attributes: array (
  'class' => 'SalvarDados.phpController',
  'plugin' => NULL,
)
Request URL: /salvar_dados.php
Stack Trace:
#0 /var/www/contatoscake/app/webroot/index.php(117): Dispatcher->dispatch()
#1 {main}
2024-06-13 09:31:59 Error: [MissingControllerException] Controller class Controller could not be found.
Exception Attributes: array (
  'class' => 'Controller',
  'plugin' => NULL,
)
Request URL: /
Stack Trace:
#0 /var/www/contatoscake/app/webroot/index.php(117): Dispatcher->dispatch()
#1 {main}
2024-06-13 09:32:07 Error: [MissingControllerException] Controller class SalvarDados.phpController could not be found.
Exception Attributes: array (
  'class' => 'SalvarDados.phpController',
  'plugin' => NULL,
)
Request URL: /salvar_dados.php
Stack Trace:
#0 /var/www/contatoscake/app/webroot/index.php(117): Dispatcher->dispatch()
#1 {main}
2024-06-13 09:33:43 Error: [MissingControllerException] Controller class SalvarDados.phpController could not be found.
Exception Attributes: array (
  'class' => 'SalvarDados.phpController',
  'plugin' => NULL,
)
Request URL: /salvar_dados.php
Stack Trace:
#0 /var/www/contatoscake/app/webroot/index.php(117): Dispatcher->dispatch()
#1 {main}
2024-06-13 09:33:55 Error: [MissingControllerException] Controller class SalvarDados.phpController could not be found.
Exception Attributes: array (
  'class' => 'SalvarDados.phpController',
  'plugin' => NULL,
)
Request URL: /salvar_dados.php
Stack Trace:
#0 /var/www/contatoscake/app/webroot/index.php(117): Dispatcher->dispatch()
#1 {main}
2024-06-13 09:36:55 Error: [MissingControllerException] Controller class SalvarDados.phpController could not be found.
Exception Attributes: array (
  'class' => 'SalvarDados.phpController',
  'plugin' => NULL,
)
Request URL: /salvar_dados.php
Stack Trace:
#0 /var/www/contatoscake/app/webroot/index.php(117): Dispatcher->dispatch()
#1 {main}
2024-06-13 09:37:42 Error: [MissingControllerException] Controller class SalvarDados.phpController could not be found.
Exception Attributes: array (
  'class' => 'SalvarDados.phpController',
  'plugin' => NULL,
)
Request URL: /salvar_dados.php
Stack Trace:
#0 /var/www/contatoscake/app/webroot/index.php(117): Dispatcher->dispatch()
#1 {main}
2024-06-13 09:37:50 Error: [MissingControllerException] Controller class SalvarDados.phpController could not be found.
Exception Attributes: array (
  'class' => 'SalvarDados.phpController',
  'plugin' => NULL,
)
Request URL: /salvar_dados.php
Stack Trace:
#0 /var/www/contatoscake/app/webroot/index.php(117): Dispatcher->dispatch()
#1 {main}
2024-06-13 09:38:13 Error: [MissingControllerException] Controller class SalvarDados.phpController could not be found.
Exception Attributes: array (
  'class' => 'SalvarDados.phpController',
  'plugin' => NULL,
)
Request URL: /salvar_dados.php
Stack Trace:
#0 /var/www/contatoscake/app/webroot/index.php(117): Dispatcher->dispatch()
#1 {main}
2024-06-13 09:38:15 Error: [MissingControllerException] Controller class SalvarDados.phpController could not be found.
Exception Attributes: array (
  'class' => 'SalvarDados.phpController',
  'plugin' => NULL,
)
Request URL: /salvar_dados.php
Stack Trace:
#0 /var/www/contatoscake/app/webroot/index.php(117): Dispatcher->dispatch()
#1 {main}
2024-06-13 09:39:14 Error: [MissingControllerException] Controller class SalvarDados.phpController could not be found.
Exception Attributes: array (
  'class' => 'SalvarDados.phpController',
  'plugin' => NULL,
)
Request URL: /salvar_dados.php
Stack Trace:
#0 /var/www/contatoscake/app/webroot/index.php(117): Dispatcher->dispatch()
#1 {main}
2024-06-13 09:39:14 Error: [MissingControllerException] Controller class SalvarDados.phpController could not be found.
Exception Attributes: array (
  'class' => 'SalvarDados.phpController',
  'plugin' => NULL,
)
Request URL: /salvar_dados.php
Stack Trace:
#0 /var/www/contatoscake/app/webroot/index.php(117): Dispatcher->dispatch()
#1 {main}
2024-06-13 09:39:16 Error: [MissingControllerException] Controller class SalvarDados.phpController could not be found.
Exception Attributes: array (
  'class' => 'SalvarDados.phpController',
  'plugin' => NULL,
)
Request URL: /salvar_dados.php
Stack Trace:
#0 /var/www/contatoscake/app/webroot/index.php(117): Dispatcher->dispatch()
#1 {main}
2024-06-13 10:20:34 Error: [MissingControllerException] Controller class SalvarDados.phpController could not be found.
Exception Attributes: array (
  'class' => 'SalvarDados.phpController',
  'plugin' => NULL,
)
Request URL: /salvar_dados.php
Stack Trace:
#0 /var/www/contatoscake/app/webroot/index.php(117): Dispatcher->dispatch()
#1 {main}
2024-06-13 10:20:34 Error: [MissingControllerException] Controller class SalvarDados.phpController could not be found.
Exception Attributes: array (
  'class' => 'SalvarDados.phpController',
  'plugin' => NULL,
)
Request URL: /salvar_dados.php
Stack Trace:
#0 /var/www/contatoscake/app/webroot/index.php(117): Dispatcher->dispatch()
#1 {main}
2024-06-13 10:20:49 Error: [MissingControllerException] Controller class SalvarDados.phpController could not be found.
Exception Attributes: array (
  'class' => 'SalvarDados.phpController',
  'plugin' => NULL,
)
Request URL: /salvar_dados.php
Stack Trace:
#0 /var/www/contatoscake/app/webroot/index.php(117): Dispatcher->dispatch()
#1 {main}
2024-06-13 10:34:41 Error: [MissingControllerException] Controller class SalvarDados.phpController could not be found.
Exception Attributes: array (
  'class' => 'SalvarDados.phpController',
  'plugin' => NULL,
)
Request URL: /salvar_dados.php
Stack Trace:
#0 /var/www/contatoscake/app/webroot/index.php(117): Dispatcher->dispatch()
#1 {main}
2024-06-13 10:36:27 Error: [MissingControllerException] Controller class SalvarDados.phpController could not be found.
Exception Attributes: array (
  'class' => 'SalvarDados.phpController',
  'plugin' => NULL,
)
Request URL: /salvar_dados.php
Stack Trace:
#0 /var/www/contatoscake/app/webroot/index.php(117): Dispatcher->dispatch()
#1 {main}
2024-06-13 10:37:01 Error: [MissingControllerException] Controller class SalvarDados.phpController could not be found.
Exception Attributes: array (
  'class' => 'SalvarDados.phpController',
  'plugin' => NULL,
)
Request URL: /salvar_dados.php
Stack Trace:
#0 /var/www/contatoscake/app/webroot/index.php(117): Dispatcher->dispatch()
#1 {main}
2024-06-13 10:51:19 Error: [MissingControllerException] Controller class SalvarDados.phpController could not be found.
Exception Attributes: array (
  'class' => 'SalvarDados.phpController',
  'plugin' => NULL,
)
Request URL: /salvar_dados.php
Stack Trace:
#0 /var/www/contatoscake/app/webroot/index.php(117): Dispatcher->dispatch()
#1 {main}
2024-06-13 11:22:25 Error: [MissingControllerException] Controller class SalvarDados.phpController could not be found.
Exception Attributes: array (
  'class' => 'SalvarDados.phpController',
  'plugin' => NULL,
)
Request URL: /salvar_dados.php
Stack Trace:
#0 /var/www/contatoscake/app/webroot/index.php(117): Dispatcher->dispatch()
#1 {main}
2024-06-13 11:28:31 Error: [MissingControllerException] Controller class SalvarDados.phpController could not be found.
Exception Attributes: array (
  'class' => 'SalvarDados.phpController',
  'plugin' => NULL,
)
Request URL: /salvar_dados.php
Stack Trace:
#0 /var/www/contatoscake/app/webroot/index.php(117): Dispatcher->dispatch()
#1 {main}
2024-06-13 11:29:50 Error: [MissingControllerException] Controller class SalvarDados.phpController could not be found.
Exception Attributes: array (
  'class' => 'SalvarDados.phpController',
  'plugin' => NULL,
)
Request URL: /salvar_dados.php
Stack Trace:
#0 /var/www/contatoscake/app/webroot/index.php(117): Dispatcher->dispatch()
#1 {main}
2024-06-13 12:57:42 Error: [MissingControllerException] Controller class SalvarDados.phpController could not be found.
Exception Attributes: array (
  'class' => 'SalvarDados.phpController',
  'plugin' => NULL,
)
Request URL: /salvar_dados.php
Stack Trace:
#0 /var/www/contatoscake/app/webroot/index.php(117): Dispatcher->dispatch()
#1 {main}
2024-06-13 13:02:00 Error: [MissingControllerException] Controller class SalvarDados.phpController could not be found.
Exception Attributes: array (
  'class' => 'SalvarDados.phpController',
  'plugin' => NULL,
)
Request URL: /salvar_dados.php
Stack Trace:
#0 /var/www/contatoscake/app/webroot/index.php(117): Dispatcher->dispatch()
#1 {main}
2024-06-13 13:02:00 Error: [MissingControllerException] Controller class SalvarDados.phpController could not be found.
Exception Attributes: array (
  'class' => 'SalvarDados.phpController',
  'plugin' => NULL,
)
Request URL: /salvar_dados.php
Stack Trace:
#0 /var/www/contatoscake/app/webroot/index.php(117): Dispatcher->dispatch()
#1 {main}
2024-06-13 13:02:02 Error: [MissingControllerException] Controller class SalvarDados.phpController could not be found.
Exception Attributes: array (
  'class' => 'SalvarDados.phpController',
  'plugin' => NULL,
)
Request URL: /salvar_dados.php
Stack Trace:
#0 /var/www/contatoscake/app/webroot/index.php(117): Dispatcher->dispatch()
#1 {main}
2024-06-17 09:04:00 Error: [MissingControllerException] Controller class PostsController could not be found.
Exception Attributes: array (
  'class' => 'PostsController',
  'plugin' => NULL,
)
Request URL: /?nome=&email=&telefone=
Stack Trace:
#0 /var/www/contatoscake/app/webroot/index.php(117): Dispatcher->dispatch()
#1 {main}
2024-06-17 09:04:01 Error: [MissingControllerException] Controller class PostsController could not be found.
Exception Attributes: array (
  'class' => 'PostsController',
  'plugin' => NULL,
)
Request URL: /?nome=&email=&telefone=
Stack Trace:
#0 /var/www/contatoscake/app/webroot/index.php(117): Dispatcher->dispatch()
#1 {main}
2024-06-18 10:22:14 Error: [MissingActionException] Action PagesController::home() could not be found.
Exception Attributes: array (
  'controller' => 'PagesController',
  'action' => 'home',
)
Request URL: /?nome=aaaaaaaaa&email=a%40hotmail.com&telefone=11111111
Stack Trace:
#0 /var/www/contatoscake/lib/Cake/Routing/Dispatcher.php(193): Controller->invokeAction()
#1 /var/www/contatoscake/lib/Cake/Routing/Dispatcher.php(167): Dispatcher->_invoke()
#2 /var/www/contatoscake/app/webroot/index.php(117): Dispatcher->dispatch()
#3 {main}
2024-06-18 10:22:15 Error: [MissingActionException] Action PagesController::home() could not be found.
Exception Attributes: array (
  'controller' => 'PagesController',
  'action' => 'home',
)
Request URL: /?nome=aaaaaaaaa&email=a%40hotmail.com&telefone=11111111
Stack Trace:
#0 /var/www/contatoscake/lib/Cake/Routing/Dispatcher.php(193): Controller->invokeAction()
#1 /var/www/contatoscake/lib/Cake/Routing/Dispatcher.php(167): Dispatcher->_invoke()
#2 /var/www/contatoscake/app/webroot/index.php(117): Dispatcher->dispatch()
#3 {main}
2024-06-18 10:22:15 Error: [MissingActionException] Action PagesController::home() could not be found.
Exception Attributes: array (
  'controller' => 'PagesController',
  'action' => 'home',
)
Request URL: /?nome=aaaaaaaaa&email=a%40hotmail.com&telefone=11111111
Stack Trace:
#0 /var/www/contatoscake/lib/Cake/Routing/Dispatcher.php(193): Controller->invokeAction()
#1 /var/www/contatoscake/lib/Cake/Routing/Dispatcher.php(167): Dispatcher->_invoke()
#2 /var/www/contatoscake/app/webroot/index.php(117): Dispatcher->dispatch()
#3 {main}
2024-06-18 10:30:54 Error: [MissingActionException] Action PagesController::home() could not be found.
Exception Attributes: array (
  'controller' => 'PagesController',
  'action' => 'home',
)
Request URL: /
Stack Trace:
#0 /var/www/contatoscake/lib/Cake/Routing/Dispatcher.php(193): Controller->invokeAction()
#1 /var/www/contatoscake/lib/Cake/Routing/Dispatcher.php(167): Dispatcher->_invoke()
#2 /var/www/contatoscake/app/webroot/index.php(117): Dispatcher->dispatch()
#3 {main}
2024-06-18 10:30:58 Error: [MissingActionException] Action PagesController::home() could not be found.
Exception Attributes: array (
  'controller' => 'PagesController',
  'action' => 'home',
)
Request URL: /
Stack Trace:
#0 /var/www/contatoscake/lib/Cake/Routing/Dispatcher.php(193): Controller->invokeAction()
#1 /var/www/contatoscake/lib/Cake/Routing/Dispatcher.php(167): Dispatcher->_invoke()
#2 /var/www/contatoscake/app/webroot/index.php(117): Dispatcher->dispatch()
#3 {main}
2024-06-18 10:31:21 Error: [MissingActionException] Action PagesController::home() could not be found.
Exception Attributes: array (
  'controller' => 'PagesController',
  'action' => 'home',
)
Request URL: /
Stack Trace:
#0 /var/www/contatoscake/lib/Cake/Routing/Dispatcher.php(193): Controller->invokeAction()
#1 /var/www/contatoscake/lib/Cake/Routing/Dispatcher.php(167): Dispatcher->_invoke()
#2 /var/www/contatoscake/app/webroot/index.php(117): Dispatcher->dispatch()
#3 {main}
2024-06-18 10:31:23 Error: [MissingActionException] Action PagesController::home() could not be found.
Exception Attributes: array (
  'controller' => 'PagesController',
  'action' => 'home',
)
Request URL: /
Stack Trace:
#0 /var/www/contatoscake/lib/Cake/Routing/Dispatcher.php(193): Controller->invokeAction()
#1 /var/www/contatoscake/lib/Cake/Routing/Dispatcher.php(167): Dispatcher->_invoke()
#2 /var/www/contatoscake/app/webroot/index.php(117): Dispatcher->dispatch()
#3 {main}
2024-06-18 10:31:23 Error: [MissingActionException] Action PagesController::home() could not be found.
Exception Attributes: array (
  'controller' => 'PagesController',
  'action' => 'home',
)
Request URL: /
Stack Trace:
#0 /var/www/contatoscake/lib/Cake/Routing/Dispatcher.php(193): Controller->invokeAction()
#1 /var/www/contatoscake/lib/Cake/Routing/Dispatcher.php(167): Dispatcher->_invoke()
#2 /var/www/contatoscake/app/webroot/index.php(117): Dispatcher->dispatch()
#3 {main}
2024-06-18 10:31:24 Error: [MissingActionException] Action PagesController::home() could not be found.
Exception Attributes: array (
  'controller' => 'PagesController',
  'action' => 'home',
)
Request URL: /
Stack Trace:
#0 /var/www/contatoscake/lib/Cake/Routing/Dispatcher.php(193): Controller->invokeAction()
#1 /var/www/contatoscake/lib/Cake/Routing/Dispatcher.php(167): Dispatcher->_invoke()
#2 /var/www/contatoscake/app/webroot/index.php(117): Dispatcher->dispatch()
#3 {main}
2024-06-18 10:31:24 Error: [MissingActionException] Action PagesController::home() could not be found.
Exception Attributes: array (
  'controller' => 'PagesController',
  'action' => 'home',
)
Request URL: /
Stack Trace:
#0 /var/www/contatoscake/lib/Cake/Routing/Dispatcher.php(193): Controller->invokeAction()
#1 /var/www/contatoscake/lib/Cake/Routing/Dispatcher.php(167): Dispatcher->_invoke()
#2 /var/www/contatoscake/app/webroot/index.php(117): Dispatcher->dispatch()
#3 {main}
2024-06-18 10:31:25 Error: [MissingActionException] Action PagesController::home() could not be found.
Exception Attributes: array (
  'controller' => 'PagesController',
  'action' => 'home',
)
Request URL: /
Stack Trace:
#0 /var/www/contatoscake/lib/Cake/Routing/Dispatcher.php(193): Controller->invokeAction()
#1 /var/www/contatoscake/lib/Cake/Routing/Dispatcher.php(167): Dispatcher->_invoke()
#2 /var/www/contatoscake/app/webroot/index.php(117): Dispatcher->dispatch()
#3 {main}
2024-06-18 10:31:26 Error: [MissingActionException] Action PagesController::home() could not be found.
Exception Attributes: array (
  'controller' => 'PagesController',
  'action' => 'home',
)
Request URL: /
Stack Trace:
#0 /var/www/contatoscake/lib/Cake/Routing/Dispatcher.php(193): Controller->invokeAction()
#1 /var/www/contatoscake/lib/Cake/Routing/Dispatcher.php(167): Dispatcher->_invoke()
#2 /var/www/contatoscake/app/webroot/index.php(117): Dispatcher->dispatch()
#3 {main}
2024-06-18 10:41:29 Error: [Error] Call to a member function find() on null
Request URL: /
Stack Trace:
#0 [internal function]: ContatosController->index()
#1 /var/www/contatoscake/lib/Cake/Controller/Controller.php(499): ReflectionMethod->invokeArgs()
#2 /var/www/contatoscake/lib/Cake/Routing/Dispatcher.php(193): Controller->invokeAction()
#3 /var/www/contatoscake/lib/Cake/Routing/Dispatcher.php(167): Dispatcher->_invoke()
#4 /var/www/contatoscake/app/webroot/index.php(117): Dispatcher->dispatch()
#5 {main}
2024-06-18 10:41:30 Error: [Error] Call to a member function find() on null
Request URL: /
Stack Trace:
#0 [internal function]: ContatosController->index()
#1 /var/www/contatoscake/lib/Cake/Controller/Controller.php(499): ReflectionMethod->invokeArgs()
#2 /var/www/contatoscake/lib/Cake/Routing/Dispatcher.php(193): Controller->invokeAction()
#3 /var/www/contatoscake/lib/Cake/Routing/Dispatcher.php(167): Dispatcher->_invoke()
#4 /var/www/contatoscake/app/webroot/index.php(117): Dispatcher->dispatch()
#5 {main}
2024-06-18 10:41:48 Error: [Error] Call to a member function find() on null
Request URL: /
Stack Trace:
#0 [internal function]: ContatosController->index()
#1 /var/www/contatoscake/lib/Cake/Controller/Controller.php(499): ReflectionMethod->invokeArgs()
#2 /var/www/contatoscake/lib/Cake/Routing/Dispatcher.php(193): Controller->invokeAction()
#3 /var/www/contatoscake/lib/Cake/Routing/Dispatcher.php(167): Dispatcher->_invoke()
#4 /var/www/contatoscake/app/webroot/index.php(117): Dispatcher->dispatch()
#5 {main}
2024-06-18 10:41:49 Error: [Error] Call to a member function find() on null
Request URL: /
Stack Trace:
#0 [internal function]: ContatosController->index()
#1 /var/www/contatoscake/lib/Cake/Controller/Controller.php(499): ReflectionMethod->invokeArgs()
#2 /var/www/contatoscake/lib/Cake/Routing/Dispatcher.php(193): Controller->invokeAction()
#3 /var/www/contatoscake/lib/Cake/Routing/Dispatcher.php(167): Dispatcher->_invoke()
#4 /var/www/contatoscake/app/webroot/index.php(117): Dispatcher->dispatch()
#5 {main}
2024-06-18 10:41:49 Error: [Error] Call to a member function find() on null
Request URL: /
Stack Trace:
#0 [internal function]: ContatosController->index()
#1 /var/www/contatoscake/lib/Cake/Controller/Controller.php(499): ReflectionMethod->invokeArgs()
#2 /var/www/contatoscake/lib/Cake/Routing/Dispatcher.php(193): Controller->invokeAction()
#3 /var/www/contatoscake/lib/Cake/Routing/Dispatcher.php(167): Dispatcher->_invoke()
#4 /var/www/contatoscake/app/webroot/index.php(117): Dispatcher->dispatch()
#5 {main}
2024-06-18 10:41:49 Error: [Error] Call to a member function find() on null
Request URL: /
Stack Trace:
#0 [internal function]: ContatosController->index()
#1 /var/www/contatoscake/lib/Cake/Controller/Controller.php(499): ReflectionMethod->invokeArgs()
#2 /var/www/contatoscake/lib/Cake/Routing/Dispatcher.php(193): Controller->invokeAction()
#3 /var/www/contatoscake/lib/Cake/Routing/Dispatcher.php(167): Dispatcher->_invoke()
#4 /var/www/contatoscake/app/webroot/index.php(117): Dispatcher->dispatch()
#5 {main}
2024-06-18 10:41:50 Error: [Error] Call to a member function find() on null
Request URL: /
Stack Trace:
#0 [internal function]: ContatosController->index()
#1 /var/www/contatoscake/lib/Cake/Controller/Controller.php(499): ReflectionMethod->invokeArgs()
#2 /var/www/contatoscake/lib/Cake/Routing/Dispatcher.php(193): Controller->invokeAction()
#3 /var/www/contatoscake/lib/Cake/Routing/Dispatcher.php(167): Dispatcher->_invoke()
#4 /var/www/contatoscake/app/webroot/index.php(117): Dispatcher->dispatch()
#5 {main}
2024-06-18 10:41:50 Error: [Error] Call to a member function find() on null
Request URL: /
Stack Trace:
#0 [internal function]: ContatosController->index()
#1 /var/www/contatoscake/lib/Cake/Controller/Controller.php(499): ReflectionMethod->invokeArgs()
#2 /var/www/contatoscake/lib/Cake/Routing/Dispatcher.php(193): Controller->invokeAction()
#3 /var/www/contatoscake/lib/Cake/Routing/Dispatcher.php(167): Dispatcher->_invoke()
#4 /var/www/contatoscake/app/webroot/index.php(117): Dispatcher->dispatch()
#5 {main}
2024-06-18 10:41:50 Error: [Error] Call to a member function find() on null
Request URL: /
Stack Trace:
#0 [internal function]: ContatosController->index()
#1 /var/www/contatoscake/lib/Cake/Controller/Controller.php(499): ReflectionMethod->invokeArgs()
#2 /var/www/contatoscake/lib/Cake/Routing/Dispatcher.php(193): Controller->invokeAction()
#3 /var/www/contatoscake/lib/Cake/Routing/Dispatcher.php(167): Dispatcher->_invoke()
#4 /var/www/contatoscake/app/webroot/index.php(117): Dispatcher->dispatch()
#5 {main}
2024-06-18 10:41:50 Error: [Error] Call to a member function find() on null
Request URL: /
Stack Trace:
#0 [internal function]: ContatosController->index()
#1 /var/www/contatoscake/lib/Cake/Controller/Controller.php(499): ReflectionMethod->invokeArgs()
#2 /var/www/contatoscake/lib/Cake/Routing/Dispatcher.php(193): Controller->invokeAction()
#3 /var/www/contatoscake/lib/Cake/Routing/Dispatcher.php(167): Dispatcher->_invoke()
#4 /var/www/contatoscake/app/webroot/index.php(117): Dispatcher->dispatch()
#5 {main}
2024-06-18 10:41:51 Error: [Error] Call to a member function find() on null
Request URL: /
Stack Trace:
#0 [internal function]: ContatosController->index()
#1 /var/www/contatoscake/lib/Cake/Controller/Controller.php(499): ReflectionMethod->invokeArgs()
#2 /var/www/contatoscake/lib/Cake/Routing/Dispatcher.php(193): Controller->invokeAction()
#3 /var/www/contatoscake/lib/Cake/Routing/Dispatcher.php(167): Dispatcher->_invoke()
#4 /var/www/contatoscake/app/webroot/index.php(117): Dispatcher->dispatch()
#5 {main}
2024-06-18 10:41:51 Error: [Error] Call to a member function find() on null
Request URL: /
Stack Trace:
#0 [internal function]: ContatosController->index()
#1 /var/www/contatoscake/lib/Cake/Controller/Controller.php(499): ReflectionMethod->invokeArgs()
#2 /var/www/contatoscake/lib/Cake/Routing/Dispatcher.php(193): Controller->invokeAction()
#3 /var/www/contatoscake/lib/Cake/Routing/Dispatcher.php(167): Dispatcher->_invoke()
#4 /var/www/contatoscake/app/webroot/index.php(117): Dispatcher->dispatch()
#5 {main}
2024-06-18 10:41:51 Error: [Error] Call to a member function find() on null
Request URL: /
Stack Trace:
#0 [internal function]: ContatosController->index()
#1 /var/www/contatoscake/lib/Cake/Controller/Controller.php(499): ReflectionMethod->invokeArgs()
#2 /var/www/contatoscake/lib/Cake/Routing/Dispatcher.php(193): Controller->invokeAction()
#3 /var/www/contatoscake/lib/Cake/Routing/Dispatcher.php(167): Dispatcher->_invoke()
#4 /var/www/contatoscake/app/webroot/index.php(117): Dispatcher->dispatch()
#5 {main}
2024-06-18 10:43:03 Error: [MissingControllerException] Controller class CssController could not be found.
Exception Attributes: array (
  'class' => 'CssController',
  'plugin' => NULL,
)
Request URL: /css/contatos.css
Stack Trace:
#0 /var/www/contatoscake/app/webroot/index.php(117): Dispatcher->dispatch()
#1 {main}
2024-06-18 10:43:04 Error: [MissingControllerException] Controller class CssController could not be found.
Exception Attributes: array (
  'class' => 'CssController',
  'plugin' => NULL,
)
Request URL: /css/contatos.css
Stack Trace:
#0 /var/www/contatoscake/app/webroot/index.php(117): Dispatcher->dispatch()
#1 {main}
2024-06-18 10:43:05 Error: [MissingControllerException] Controller class CssController could not be found.
Exception Attributes: array (
  'class' => 'CssController',
  'plugin' => NULL,
)
Request URL: /css/contatos.css
Stack Trace:
#0 /var/www/contatoscake/app/webroot/index.php(117): Dispatcher->dispatch()
#1 {main}
2024-06-18 10:43:05 Error: [MissingControllerException] Controller class CssController could not be found.
Exception Attributes: array (
  'class' => 'CssController',
  'plugin' => NULL,
)
Request URL: /css/contatos.css
Stack Trace:
#0 /var/www/contatoscake/app/webroot/index.php(117): Dispatcher->dispatch()
#1 {main}
2024-06-18 10:43:23 Error: [MissingControllerException] Controller class CssController could not be found.
Exception Attributes: array (
  'class' => 'CssController',
  'plugin' => NULL,
)
Request URL: /css/contatos.css
Stack Trace:
#0 /var/www/contatoscake/app/webroot/index.php(117): Dispatcher->dispatch()
#1 {main}
2024-06-18 10:43:28 Error: [MissingControllerException] Controller class CssController could not be found.
Exception Attributes: array (
  'class' => 'CssController',
  'plugin' => NULL,
)
Request URL: /css/contatos.css
Stack Trace:
#0 /var/www/contatoscake/app/webroot/index.php(117): Dispatcher->dispatch()
#1 {main}
2024-06-18 10:43:28 Error: [MissingControllerException] Controller class CssController could not be found.
Exception Attributes: array (
  'class' => 'CssController',
  'plugin' => NULL,
)
Request URL: /css/contatos.css
Stack Trace:
#0 /var/www/contatoscake/app/webroot/index.php(117): Dispatcher->dispatch()
#1 {main}
2024-06-18 10:43:28 Error: [MissingControllerException] Controller class CssController could not be found.
Exception Attributes: array (
  'class' => 'CssController',
  'plugin' => NULL,
)
Request URL: /css/contatos.css
Stack Trace:
#0 /var/www/contatoscake/app/webroot/index.php(117): Dispatcher->dispatch()
#1 {main}
2024-06-18 10:44:21 Error: [MissingControllerException] Controller class CssController could not be found.
Exception Attributes: array (
  'class' => 'CssController',
  'plugin' => NULL,
)
Request URL: /css/contatos.css
Stack Trace:
#0 /var/www/contatoscake/app/webroot/index.php(117): Dispatcher->dispatch()
#1 {main}
2024-06-18 10:44:22 Error: [MissingControllerException] Controller class CssController could not be found.
Exception Attributes: array (
  'class' => 'CssController',
  'plugin' => NULL,
)
Request URL: /css/contatos.css
Stack Trace:
#0 /var/www/contatoscake/app/webroot/index.php(117): Dispatcher->dispatch()
#1 {main}
2024-06-18 10:52:25 Error: [MissingControllerException] Controller class CssController could not be found.
Exception Attributes: array (
  'class' => 'CssController',
  'plugin' => NULL,
)
Request URL: /css/index.css
Stack Trace:
#0 /var/www/contatoscake/app/webroot/index.php(117): Dispatcher->dispatch()
#1 {main}
2024-06-18 10:52:25 Error: [MissingControllerException] Controller class CssController could not be found.
Exception Attributes: array (
  'class' => 'CssController',
  'plugin' => NULL,
)
Request URL: /css/contact.css
Stack Trace:
#0 /var/www/contatoscake/app/webroot/index.php(117): Dispatcher->dispatch()
#1 {main}
2024-06-18 10:52:36 Error: [MissingControllerException] Controller class CssController could not be found.
Exception Attributes: array (
  'class' => 'CssController',
  'plugin' => NULL,
)
Request URL: /css/index.css
Stack Trace:
#0 /var/www/contatoscake/app/webroot/index.php(117): Dispatcher->dispatch()
#1 {main}
2024-06-18 11:14:50 Error: [MissingControllerException] Controller class ContatosController could not be found.
Exception Attributes: array (
  'class' => 'ContatosController',
  'plugin' => NULL,
)
Request URL: /
Stack Trace:
#0 /var/www/contatoscake/app/webroot/index.php(117): Dispatcher->dispatch()
#1 {main}
2024-06-18 11:17:56 Error: [MissingControllerException] Controller class ContatosController could not be found.
Exception Attributes: array (
  'class' => 'ContatosController',
  'plugin' => NULL,
)
Request URL: /
Stack Trace:
#0 /var/www/contatoscake/app/webroot/index.php(117): Dispatcher->dispatch()
#1 {main}
2024-06-18 11:18:06 Error: [MissingControllerException] Controller class ContatosController could not be found.
Exception Attributes: array (
  'class' => 'ContatosController',
  'plugin' => NULL,
)
Request URL: /
Stack Trace:
#0 /var/www/contatoscake/app/webroot/index.php(117): Dispatcher->dispatch()
#1 {main}
2024-06-18 11:18:08 Error: [MissingControllerException] Controller class ContatosController could not be found.
Exception Attributes: array (
  'class' => 'ContatosController',
  'plugin' => NULL,
)
Request URL: /
Stack Trace:
#0 /var/www/contatoscake/app/webroot/index.php(117): Dispatcher->dispatch()
#1 {main}
2024-06-18 11:21:49 Error: [MissingControllerException] Controller class ContatosController could not be found.
Exception Attributes: array (
  'class' => 'ContatosController',
  'plugin' => NULL,
)
Request URL: /
Stack Trace:
#0 /var/www/contatoscake/app/webroot/index.php(117): Dispatcher->dispatch()
#1 {main}
2024-06-18 11:22:35 Error: [MissingControllerException] Controller class ContatosController could not be found.
Exception Attributes: array (
  'class' => 'ContatosController',
  'plugin' => NULL,
)
Request URL: /
Stack Trace:
#0 /var/www/contatoscake/app/webroot/index.php(117): Dispatcher->dispatch()
#1 {main}
2024-06-18 11:23:04 Error: [MissingControllerException] Controller class ContatosController could not be found.
Exception Attributes: array (
  'class' => 'ContatosController',
  'plugin' => NULL,
)
Request URL: /
Stack Trace:
#0 /var/www/contatoscake/app/webroot/index.php(117): Dispatcher->dispatch()
#1 {main}
2024-06-18 11:23:27 Error: [MissingControllerException] Controller class ContatosController could not be found.
Exception Attributes: array (
  'class' => 'ContatosController',
  'plugin' => NULL,
)
Request URL: /
Stack Trace:
#0 /var/www/contatoscake/app/webroot/index.php(117): Dispatcher->dispatch()
#1 {main}
2024-06-18 11:23:55 Error: [MissingControllerException] Controller class ContatosController could not be found.
Exception Attributes: array (
  'class' => 'ContatosController',
  'plugin' => NULL,
)
Request URL: /
Stack Trace:
#0 /var/www/contatoscake/app/webroot/index.php(117): Dispatcher->dispatch()
#1 {main}
2024-06-18 11:24:16 Error: [MissingActionException] Action ContatosController::display() could not be found.
Exception Attributes: array (
  'controller' => 'ContatosController',
  'action' => 'display',
)
Request URL: /
Stack Trace:
#0 /var/www/contatoscake/lib/Cake/Routing/Dispatcher.php(193): Controller->invokeAction()
#1 /var/www/contatoscake/lib/Cake/Routing/Dispatcher.php(167): Dispatcher->_invoke()
#2 /var/www/contatoscake/app/webroot/index.php(117): Dispatcher->dispatch()
#3 {main}
2024-06-18 11:27:58 Error: [MissingActionException] Action ContatosController::display() could not be found.
Exception Attributes: array (
  'controller' => 'ContatosController',
  'action' => 'display',
)
Request URL: /
Stack Trace:
#0 /var/www/contatoscake/lib/Cake/Routing/Dispatcher.php(193): Controller->invokeAction()
#1 /var/www/contatoscake/lib/Cake/Routing/Dispatcher.php(167): Dispatcher->_invoke()
#2 /var/www/contatoscake/app/webroot/index.php(117): Dispatcher->dispatch()
#3 {main}
2024-06-18 11:28:23 Error: [Error] Call to a member function create() on null
Request URL: /
Stack Trace:
#0 [internal function]: ContatosController->add()
#1 /var/www/contatoscake/lib/Cake/Controller/Controller.php(499): ReflectionMethod->invokeArgs()
#2 /var/www/contatoscake/lib/Cake/Routing/Dispatcher.php(193): Controller->invokeAction()
#3 /var/www/contatoscake/lib/Cake/Routing/Dispatcher.php(167): Dispatcher->_invoke()
#4 /var/www/contatoscake/app/webroot/index.php(117): Dispatcher->dispatch()
#5 {main}
2024-06-18 11:28:33 Error: [MissingActionException] Action ContatosController::display() could not be found.
Exception Attributes: array (
  'controller' => 'ContatosController',
  'action' => 'display',
)
Request URL: /
Stack Trace:
#0 /var/www/contatoscake/lib/Cake/Routing/Dispatcher.php(193): Controller->invokeAction()
#1 /var/www/contatoscake/lib/Cake/Routing/Dispatcher.php(167): Dispatcher->_invoke()
#2 /var/www/contatoscake/app/webroot/index.php(117): Dispatcher->dispatch()
#3 {main}
2024-06-18 11:28:50 Error: [MissingActionException] Action ContatosController::display() could not be found.
Exception Attributes: array (
  'controller' => 'ContatosController',
  'action' => 'display',
)
Request URL: /
Stack Trace:
#0 /var/www/contatoscake/lib/Cake/Routing/Dispatcher.php(193): Controller->invokeAction()
#1 /var/www/contatoscake/lib/Cake/Routing/Dispatcher.php(167): Dispatcher->_invoke()
#2 /var/www/contatoscake/app/webroot/index.php(117): Dispatcher->dispatch()
#3 {main}
2024-06-18 11:29:01 Error: [MissingActionException] Action ContatosController::display() could not be found.
Exception Attributes: array (
  'controller' => 'ContatosController',
  'action' => 'display',
)
Request URL: /
Stack Trace:
#0 /var/www/contatoscake/lib/Cake/Routing/Dispatcher.php(193): Controller->invokeAction()
#1 /var/www/contatoscake/lib/Cake/Routing/Dispatcher.php(167): Dispatcher->_invoke()
#2 /var/www/contatoscake/app/webroot/index.php(117): Dispatcher->dispatch()
#3 {main}
2024-06-18 11:29:57 Error: [MissingActionException] Action ContatosController::display() could not be found.
Exception Attributes: array (
  'controller' => 'ContatosController',
  'action' => 'display',
)
Request URL: /
Stack Trace:
#0 /var/www/contatoscake/lib/Cake/Routing/Dispatcher.php(193): Controller->invokeAction()
#1 /var/www/contatoscake/lib/Cake/Routing/Dispatcher.php(167): Dispatcher->_invoke()
#2 /var/www/contatoscake/app/webroot/index.php(117): Dispatcher->dispatch()
#3 {main}
2024-06-18 11:33:51 Error: [MissingActionException] Action ContatosController::display() could not be found.
Exception Attributes: array (
  'controller' => 'ContatosController',
  'action' => 'display',
)
Request URL: /
Stack Trace:
#0 /var/www/contatoscake/lib/Cake/Routing/Dispatcher.php(193): Controller->invokeAction()
#1 /var/www/contatoscake/lib/Cake/Routing/Dispatcher.php(167): Dispatcher->_invoke()
#2 /var/www/contatoscake/app/webroot/index.php(117): Dispatcher->dispatch()
#3 {main}
2024-06-18 11:34:45 Error: [MissingActionException] Action ContatosController::display() could not be found.
Exception Attributes: array (
  'controller' => 'ContatosController',
  'action' => 'display',
)
Request URL: /
Stack Trace:
#0 /var/www/contatoscake/lib/Cake/Routing/Dispatcher.php(193): Controller->invokeAction()
#1 /var/www/contatoscake/lib/Cake/Routing/Dispatcher.php(167): Dispatcher->_invoke()
#2 /var/www/contatoscake/app/webroot/index.php(117): Dispatcher->dispatch()
#3 {main}
2024-06-18 11:35:05 Error: [Error] Call to a member function create() on null
Request URL: /
Stack Trace:
#0 [internal function]: ContatosController->add()
#1 /var/www/contatoscake/lib/Cake/Controller/Controller.php(499): ReflectionMethod->invokeArgs()
#2 /var/www/contatoscake/lib/Cake/Routing/Dispatcher.php(193): Controller->invokeAction()
#3 /var/www/contatoscake/lib/Cake/Routing/Dispatcher.php(167): Dispatcher->_invoke()
#4 /var/www/contatoscake/app/webroot/index.php(117): Dispatcher->dispatch()
#5 {main}
2024-06-18 13:38:48 Error: [ParseError] syntax error, unexpected '<', expecting end of file
Request URL: /
Stack Trace:
#0 /var/www/contatoscake/lib/Cake/View/View.php(933): View->_evaluate()
#1 /var/www/contatoscake/lib/Cake/View/View.php(473): View->_render()
#2 /var/www/contatoscake/lib/Cake/Controller/Controller.php(968): View->render()
#3 /var/www/contatoscake/lib/Cake/Routing/Dispatcher.php(200): Controller->render()
#4 /var/www/contatoscake/lib/Cake/Routing/Dispatcher.php(167): Dispatcher->_invoke()
#5 /var/www/contatoscake/app/webroot/index.php(117): Dispatcher->dispatch()
#6 {main}
2024-06-20 10:14:27 Error: [MissingControllerException] Controller class SeilaController could not be found.
Exception Attributes: array (
  'class' => 'SeilaController',
  'plugin' => NULL,
)
Request URL: /seila
Stack Trace:
#0 /var/www/contatoscake/app/webroot/index.php(117): Dispatcher->dispatch()
#1 {main}
